::1 - - [13/Apr/2021:18:48:53 +0000] "GET /graphql HTTP/1.1" 200 927959 "-" "Mozilla/5.0 (Windows NT 10.0; Win64; x64) AppleWebKit/537.36 (KHTML, like Gecko) Chrome/89.0.4389.114 Safari/537.36"
::1 - - [13/Apr/2021:18:48:54 +0000] "POST /graphql? HTTP/1.1" 200 20233 "http://localhost:5000/" "Mozilla/5.0 (Windows NT 10.0; Win64; x64) AppleWebKit/537.36 (KHTML, like Gecko) Chrome/89.0.4389.114 Safari/537.36"
::1 - - [13/Apr/2021:18:48:55 +0000] "GET /favicon.ico HTTP/1.1" 404 150 "http://localhost:5000/" "Mozilla/5.0 (Windows NT 10.0; Win64; x64) AppleWebKit/537.36 (KHTML, like Gecko) Chrome/89.0.4389.114 Safari/537.36"
::1 - - [13/Apr/2021:18:51:05 +0000] "POST /graphql? HTTP/1.1" 200 30 "http://localhost:5000/" "Mozilla/5.0 (Windows NT 10.0; Win64; x64) AppleWebKit/537.36 (KHTML, like Gecko) Chrome/89.0.4389.114 Safari/537.36"
::1 - - [13/Apr/2021:18:54:51 +0000] "POST /graphql? HTTP/1.1" 200 30 "http://localhost:5000/" "Mozilla/5.0 (Windows NT 10.0; Win64; x64) AppleWebKit/537.36 (KHTML, like Gecko) Chrome/89.0.4389.114 Safari/537.36"
::1 - - [13/Apr/2021:18:54:52 +0000] "POST /graphql? HTTP/1.1" 200 30 "http://localhost:5000/" "Mozilla/5.0 (Windows NT 10.0; Win64; x64) AppleWebKit/537.36 (KHTML, like Gecko) Chrome/89.0.4389.114 Safari/537.36"
::1 - - [13/Apr/2021:18:54:53 +0000] "POST /graphql? HTTP/1.1" 200 30 "http://localhost:5000/" "Mozilla/5.0 (Windows NT 10.0; Win64; x64) AppleWebKit/537.36 (KHTML, like Gecko) Chrome/89.0.4389.114 Safari/537.36"
::1 - - [13/Apr/2021:18:54:54 +0000] "POST /graphql? HTTP/1.1" 200 30 "http://localhost:5000/" "Mozilla/5.0 (Windows NT 10.0; Win64; x64) AppleWebKit/537.36 (KHTML, like Gecko) Chrome/89.0.4389.114 Safari/537.36"
::1 - - [13/Apr/2021:18:56:57 +0000] "POST /graphql? HTTP/1.1" 200 138 "http://localhost:5000/" "Mozilla/5.0 (Windows NT 10.0; Win64; x64) AppleWebKit/537.36 (KHTML, like Gecko) Chrome/89.0.4389.114 Safari/537.36"
::1 - - [13/Apr/2021:18:57:59 +0000] "POST /graphql? HTTP/1.1" 200 95 "http://localhost:5000/" "Mozilla/5.0 (Windows NT 10.0; Win64; x64) AppleWebKit/537.36 (KHTML, like Gecko) Chrome/89.0.4389.114 Safari/537.36"
::1 - - [13/Apr/2021:19:00:26 +0000] "POST /graphql? HTTP/1.1" 200 98 "http://localhost:5000/" "Mozilla/5.0 (Windows NT 10.0; Win64; x64) AppleWebKit/537.36 (KHTML, like Gecko) Chrome/89.0.4389.114 Safari/537.36"
::1 - - [13/Apr/2021:19:01:54 +0000] "POST /graphql? HTTP/1.1" 200 30 "http://localhost:5000/" "Mozilla/5.0 (Windows NT 10.0; Win64; x64) AppleWebKit/537.36 (KHTML, like Gecko) Chrome/89.0.4389.114 Safari/537.36"
::1 - - [13/Apr/2021:19:02:13 +0000] "POST /graphql? HTTP/1.1" 200 210 "http://localhost:5000/" "Mozilla/5.0 (Windows NT 10.0; Win64; x64) AppleWebKit/537.36 (KHTML, like Gecko) Chrome/89.0.4389.114 Safari/537.36"
::1 - - [13/Apr/2021:19:02:36 +0000] "POST /graphql? HTTP/1.1" 200 98 "http://localhost:5000/" "Mozilla/5.0 (Windows NT 10.0; Win64; x64) AppleWebKit/537.36 (KHTML, like Gecko) Chrome/89.0.4389.114 Safari/537.36"
::1 - - [13/Apr/2021:19:03:31 +0000] "POST /graphql? HTTP/1.1" 200 99 "http://localhost:5000/" "Mozilla/5.0 (Windows NT 10.0; Win64; x64) AppleWebKit/537.36 (KHTML, like Gecko) Chrome/89.0.4389.114 Safari/537.36"
::1 - - [13/Apr/2021:19:05:45 +0000] "POST /graphql? HTTP/1.1" 200 311 "http://localhost:5000/" "Mozilla/5.0 (Windows NT 10.0; Win64; x64) AppleWebKit/537.36 (KHTML, like Gecko) Chrome/89.0.4389.114 Safari/537.36"
::1 - - [13/Apr/2021:19:07:06 +0000] "POST /graphql? HTTP/1.1" 200 58 "http://localhost:5000/" "Mozilla/5.0 (Windows NT 10.0; Win64; x64) AppleWebKit/537.36 (KHTML, like Gecko) Chrome/89.0.4389.114 Safari/537.36"
::1 - - [13/Apr/2021:19:08:58 +0000] "POST /graphql? HTTP/1.1" 200 99 "http://localhost:5000/" "Mozilla/5.0 (Windows NT 10.0; Win64; x64) AppleWebKit/537.36 (KHTML, like Gecko) Chrome/89.0.4389.114 Safari/537.36"
::1 - - [13/Apr/2021:19:10:10 +0000] "POST /graphql? HTTP/1.1" 200 99 "http://localhost:5000/" "Mozilla/5.0 (Windows NT 10.0; Win64; x64) AppleWebKit/537.36 (KHTML, like Gecko) Chrome/89.0.4389.114 Safari/537.36"
::1 - - [13/Apr/2021:19:12:41 +0000] "POST /graphql? HTTP/1.1" 200 98 "http://localhost:5000/" "Mozilla/5.0 (Windows NT 10.0; Win64; x64) AppleWebKit/537.36 (KHTML, like Gecko) Chrome/89.0.4389.114 Safari/537.36"
::1 - - [13/Apr/2021:19:13:20 +0000] "POST /graphql? HTTP/1.1" 200 98 "http://localhost:5000/" "Mozilla/5.0 (Windows NT 10.0; Win64; x64) AppleWebKit/537.36 (KHTML, like Gecko) Chrome/89.0.4389.114 Safari/537.36"
::1 - - [13/Apr/2021:19:13:21 +0000] "POST /graphql? HTTP/1.1" 200 98 "http://localhost:5000/" "Mozilla/5.0 (Windows NT 10.0; Win64; x64) AppleWebKit/537.36 (KHTML, like Gecko) Chrome/89.0.4389.114 Safari/537.36"
::1 - - [13/Apr/2021:19:13:21 +0000] "POST /graphql? HTTP/1.1" 200 98 "http://localhost:5000/" "Mozilla/5.0 (Windows NT 10.0; Win64; x64) AppleWebKit/537.36 (KHTML, like Gecko) Chrome/89.0.4389.114 Safari/537.36"
::1 - - [13/Apr/2021:19:13:22 +0000] "POST /graphql? HTTP/1.1" 200 98 "http://localhost:5000/" "Mozilla/5.0 (Windows NT 10.0; Win64; x64) AppleWebKit/537.36 (KHTML, like Gecko) Chrome/89.0.4389.114 Safari/537.36"
::1 - - [13/Apr/2021:19:14:40 +0000] "POST /graphql? HTTP/1.1" 200 98 "http://localhost:5000/" "Mozilla/5.0 (Windows NT 10.0; Win64; x64) AppleWebKit/537.36 (KHTML, like Gecko) Chrome/89.0.4389.114 Safari/537.36"
::1 - - [13/Apr/2021:19:14:41 +0000] "POST /graphql? HTTP/1.1" 200 98 "http://localhost:5000/" "Mozilla/5.0 (Windows NT 10.0; Win64; x64) AppleWebKit/537.36 (KHTML, like Gecko) Chrome/89.0.4389.114 Safari/537.36"
::1 - - [13/Apr/2021:19:14:42 +0000] "POST /graphql? HTTP/1.1" 200 98 "http://localhost:5000/" "Mozilla/5.0 (Windows NT 10.0; Win64; x64) AppleWebKit/537.36 (KHTML, like Gecko) Chrome/89.0.4389.114 Safari/537.36"
::1 - - [13/Apr/2021:19:14:52 +0000] "POST /graphql? HTTP/1.1" 200 98 "http://localhost:5000/" "Mozilla/5.0 (Windows NT 10.0; Win64; x64) AppleWebKit/537.36 (KHTML, like Gecko) Chrome/89.0.4389.114 Safari/537.36"
::1 - - [13/Apr/2021:19:15:38 +0000] "POST /graphql? HTTP/1.1" 200 895 "http://localhost:5000/" "Mozilla/5.0 (Windows NT 10.0; Win64; x64) AppleWebKit/537.36 (KHTML, like Gecko) Chrome/89.0.4389.114 Safari/537.36"
::1 - - [13/Apr/2021:19:15:54 +0000] "POST /graphql? HTTP/1.1" 200 895 "http://localhost:5000/" "Mozilla/5.0 (Windows NT 10.0; Win64; x64) AppleWebKit/537.36 (KHTML, like Gecko) Chrome/89.0.4389.114 Safari/537.36"
::1 - - [13/Apr/2021:19:15:57 +0000] "POST /graphql? HTTP/1.1" 200 895 "http://localhost:5000/" "Mozilla/5.0 (Windows NT 10.0; Win64; x64) AppleWebKit/537.36 (KHTML, like Gecko) Chrome/89.0.4389.114 Safari/537.36"
::1 - - [13/Apr/2021:19:16:28 +0000] "POST /graphql? HTTP/1.1" 200 58 "http://localhost:5000/" "Mozilla/5.0 (Windows NT 10.0; Win64; x64) AppleWebKit/537.36 (KHTML, like Gecko) Chrome/89.0.4389.114 Safari/537.36"
::1 - - [13/Apr/2021:19:18:00 +0000] "POST /graphql? HTTP/1.1" 200 30 "http://localhost:5000/" "Mozilla/5.0 (Windows NT 10.0; Win64; x64) AppleWebKit/537.36 (KHTML, like Gecko) Chrome/89.0.4389.114 Safari/537.36"
::1 - - [13/Apr/2021:19:26:43 +0000] "POST /graphql? HTTP/1.1" 500 125 "http://localhost:5000/" "Mozilla/5.0 (Windows NT 10.0; Win64; x64) AppleWebKit/537.36 (KHTML, like Gecko) Chrome/89.0.4389.114 Safari/537.36"
::1 - - [13/Apr/2021:19:28:07 +0000] "POST /graphql? HTTP/1.1" 500 125 "http://localhost:5000/" "Mozilla/5.0 (Windows NT 10.0; Win64; x64) AppleWebKit/537.36 (KHTML, like Gecko) Chrome/89.0.4389.114 Safari/537.36"
::1 - - [13/Apr/2021:19:28:08 +0000] "POST /graphql? HTTP/1.1" 500 125 "http://localhost:5000/" "Mozilla/5.0 (Windows NT 10.0; Win64; x64) AppleWebKit/537.36 (KHTML, like Gecko) Chrome/89.0.4389.114 Safari/537.36"
::1 - - [14/Apr/2021:06:24:45 +0000] "GET / HTTP/1.1" 404 139 "-" "Mozilla/5.0 (Windows NT 10.0; Win64; x64) AppleWebKit/537.36 (KHTML, like Gecko) Chrome/89.0.4389.128 Safari/537.36"
::1 - - [14/Apr/2021:06:24:53 +0000] "GET / HTTP/1.1" 404 139 "-" "Mozilla/5.0 (Windows NT 10.0; Win64; x64) AppleWebKit/537.36 (KHTML, like Gecko) Chrome/89.0.4389.128 Safari/537.36"
::1 - - [14/Apr/2021:06:25:02 +0000] "POST / HTTP/1.1" 404 140 "-" "Mozilla/5.0 (Windows NT 10.0; Win64; x64) AppleWebKit/537.36 (KHTML, like Gecko) Chrome/89.0.4389.128 Safari/537.36"
::1 - - [14/Apr/2021:06:25:13 +0000] "GET / HTTP/1.1" 404 139 "-" "Mozilla/5.0 (Windows NT 10.0; Win64; x64) AppleWebKit/537.36 (KHTML, like Gecko) Chrome/89.0.4389.128 Safari/537.36"
::1 - - [14/Apr/2021:06:25:16 +0000] "POST / HTTP/1.1" 404 140 "-" "Mozilla/5.0 (Windows NT 10.0; Win64; x64) AppleWebKit/537.36 (KHTML, like Gecko) Chrome/89.0.4389.128 Safari/537.36"
::1 - - [14/Apr/2021:06:25:47 +0000] "GET /graphql HTTP/1.1" 200 927959 "-" "Mozilla/5.0 (Windows NT 10.0; Win64; x64) AppleWebKit/537.36 (KHTML, like Gecko) Chrome/89.0.4389.128 Safari/537.36"
::1 - - [14/Apr/2021:06:25:48 +0000] "POST /graphql? HTTP/1.1" 200 20233 "http://localhost:5000/" "Mozilla/5.0 (Windows NT 10.0; Win64; x64) AppleWebKit/537.36 (KHTML, like Gecko) Chrome/89.0.4389.128 Safari/537.36"
::1 - - [14/Apr/2021:06:25:48 +0000] "GET /favicon.ico HTTP/1.1" 404 150 "http://localhost:5000/" "Mozilla/5.0 (Windows NT 10.0; Win64; x64) AppleWebKit/537.36 (KHTML, like Gecko) Chrome/89.0.4389.128 Safari/537.36"
::1 - - [14/Apr/2021:06:32:20 +0000] "POST / HTTP/1.1" 404 140 "-" "Mozilla/5.0 (Windows NT 10.0; Win64; x64) AppleWebKit/537.36 (KHTML, like Gecko) Chrome/89.0.4389.128 Safari/537.36"
::1 - - [14/Apr/2021:06:35:04 +0000] "POST /graphql? HTTP/1.1" 500 120 "http://localhost:5000/" "Mozilla/5.0 (Windows NT 10.0; Win64; x64) AppleWebKit/537.36 (KHTML, like Gecko) Chrome/89.0.4389.128 Safari/537.36"
::1 - - [14/Apr/2021:06:35:34 +0000] "POST /graphql? HTTP/1.1" 400 123 "http://localhost:5000/" "Mozilla/5.0 (Windows NT 10.0; Win64; x64) AppleWebKit/537.36 (KHTML, like Gecko) Chrome/89.0.4389.128 Safari/537.36"
::1 - - [14/Apr/2021:06:35:42 +0000] "POST /graphql? HTTP/1.1" 200 96 "http://localhost:5000/" "Mozilla/5.0 (Windows NT 10.0; Win64; x64) AppleWebKit/537.36 (KHTML, like Gecko) Chrome/89.0.4389.128 Safari/537.36"
